[    5.079681] v4l2_async_find_match failed
[    5.087687] rza-csi2 e8209000.csi2: RVC debug 2 lanes found
[    5.107612] 
[    5.107612] [RVC] ../drivers/media/platform/rza-vin/rza-core.c, rcar_vin_probe, 1028
[    5.109810] 
[    5.109810] [RVC] ../drivers/media/platform/rza-vin/rza-dma.c, rvin_dma_probe, 1223
[    5.129060] rvin_dma_probe call v4l2_device_register c06beb28 
[    5.148425] 
[    5.148425] [RVC] ../drivers/media/platform/rza-vin/rza-core.c, rvin_group_init, 893
[    5.158932] 
[    5.158932] [RVC] ../drivers/media/platform/rza-vin/rza-core.c, rvin_group_allocate, 336
[    5.175962] 
[    5.175962] [RVC] ../drivers/media/platform/rza-vin/rza-core.c, __rvin_group_allocate, 286
[    5.218296] 
[    5.218296] [RVC] ../drivers/media/platform/rza-vin/rza-core.c, rvin_group_add_vin, 308
[    5.239333] 
[    5.239333] [RVC] ../drivers/media/platform/rza-vin/rza-core.c, rvin_group_read_id, 246
[    5.257577] 
[    5.257577] [RVC] ../drivers/media/platform/rza-vin/rza-core.c, rvin_group_graph_parse, 779
[    5.275438] 
[    5.275438] [RVC] ../drivers/media/platform/rza-vin/rza-core.c, rvin_group_read_id, 246
[    5.293880] 
[    5.293880] [RVC] ../drivers/media/platform/rza-vin/rza-core.c, rvin_group_get_remote, 756
[    5.312431] 
[    5.312431] [RVC] ../drivers/media/platform/rza-vin/rza-core.c, rvin_group_get_remote, 756
[    5.331282] 
[    5.331282] [RVC] ../drivers/media/platform/rza-vin/rza-core.c, rvin_group_graph_parse, 779
[    5.349667] 
[    5.349667] [RVC] ../drivers/media/platform/rza-vin/rza-core.c, rvin_group_read_id, 246
[    5.368065] 
[    5.368065] [RVC] ../drivers/media/platform/rza-vin/rza-core.c, rvin_group_get_remote, 756
[    5.386384] 
[    5.386384] [RVC] ../drivers/media/platform/rza-vin/rza-v4l2.c, rvin_v4l2_register, 1141
[    5.405246] 
[    5.405246] [RVC] ../drivers/media/platform/rza-vin/rza-v4l2.c, rvin_format_align, 136
[    5.423935] 
[    5.423935] [RVC] ../drivers/media/platform/rza-vin/rza-v4l2.c, rvin_format_from_pixel, 78
[    5.442405] rvin_format_align DEFAULT V4L2_FIELD_NONE
[    5.470853] 
[    5.470853] [RVC] ../drivers/media/platform/rza-vin/rza-v4l2.c, __rvin_format_aling_update, 114
[    5.471111] 
[    5.471111] [RVC] ../drivers/media/platform/rza-vin/rza-v4l2.c, rvin_format_bytesperline, 89
[    5.490296] 
[    5.490296] [RVC] ../drivers/media/platform/rza-vin/rza-v4l2.c, rvin_format_from_pixel, 78
[    5.509286] 
[    5.509286] [RVC] ../drivers/media/platform/rza-vin/rza-v4l2.c, rvin_format_sizeimage, 100
[    5.528515] rcar-vin e803f000.video: Format 800x600 bpl: 1600 size: 960000
[    5.578163] rcar-vin e803f000.video: Device registered as video0
[    5.592093] 
[    5.592093] [RVC] ../drivers/media/platform/rza-vin/rza-core.c, rvin_group_graph_register, 850
[    5.592502] rcar-vin e803f000.video: Call Notifier registration
[    5.623476] rcar-vin e803f000.video: Entity type for entity rza_csi2 e8209000.csi2 was not initialized!
[    5.642233] 
[    5.642233] [RVC] ../drivers/media/platform/rza-vin/rza-core.c, rvin_group_notify_bound, 735
[    5.642411] 
[    5.642411] [RVC] ../drivers/media/platform/rza-vin/rza-core.c, rvin_group_notify_complete, 706
[    5.661231] rvin_group_notify_complete call v4l2_device_register_subdev_nodes c06beb28
[    5.707070] 
[    5.707070] [RVC] ../drivers/media/platform/rza-vin/rza-core.c, rvin_group_update_links, 658
[    5.707339] 
[    5.707339] [RVC] ../drivers/media/platform/rza-vin/rza-dma.c, rvin_get_chsel, 1302
[    5.728836] chsel 0
[    5.747845] 
[    5.747845] [RVC] ../drivers/media/platform/rza-vin/rza-core.c, rvin_group_add_link, 636
[    6.066503] sh_mobile_sdhi e8228000.sd: mmc0 base at 0xe8228000 max clock rate 132 MHz
[    6.109963] usbcore: registered new interface driver usbhid
[    6.122669] usbhid: USB HID core driver
[    6.138308] NET: Registered protocol family 10
[    6.207912] Segment Routing with IPv6
[    6.222598] sit: IPv6, IPv4 and MPLS over IPv4 tunneling driver
[    6.253825] NET: Registered protocol family 17
[    6.267820] Key type dns_resolver registered
[    6.280650] rza2mevb_init_late: Error: Could not find QSPI clock
[    6.358724] hctosys: unable to open rtc device (rtc0)
[    6.419747] VFS: Mounted root (axfs filesystem) readonly on device 0:11.
[    6.440688] devtmpfs: mounted
[    6.452980] Freeing unused kernel memory: 52K
[    6.462765] This architecture does not have kernel memory protection.
Starting logging: OK
read-only file system detected...done
Starting network: OK
Wed Nov  1 09:00:00 UTC 2017
[   12.910244] Console: switching to colour dummy device 80x30
/etc/init.d/S99_rea_setup: line 34: fbv: not found
/etc/init.d/S99_rea_setup: line 47: alsactl: not found

Welcome to Buildroot
buildroot login: root
$ media-ctl -d /dev/media0 -l "'rza_csi2 e8209000.csi2':1 -> 'rza_vin e803f000.v
ideo':0 [1]"
 e8209000.csi2':1 [fmt:SRGGB8_1X8/320x240 field:none]"
/root/yavta_debug  /dev/video0 -c1 -n1 -f SRGGB8 -s 320x240 -F"/tmp/SRGGB8.bin"$ media-ctl -V "'rza_csi2 e8209000.csi2':1 [fmt:SRGGB8"
$ /root/yavta_debug  /dev/video0 -c1 -n1 -f SRGGB8 -s 320x240 -F"/tmp/SRGGB8.bin
"
[   25.688550] 
[   25.688550] [RVC] ../drivers/media/platform/rza-vin/rza-csi2.c, rcar_csi2_set_pad_format, 572
[   26.339819] 
[   26.339819] [RVC] ../drivers/media/platform/rza-vin/rza-v4l2.c, rvin_mc_open, 1045
[   26.352713] 
[   26.352713] [RVC] ../drivers/media/platform/rza-vin/rza-v4l2.c, rvin_get_sd_format, 236
[   26.363128] 
[   26.363128] [RVC] ../drivers/media/platform/rza-vin/rza-csi2.c, rcar_csi2_get_pad_format, 591
[   26.373039] 
[   26.373039] [RVC] ../drivers/media/platform/rza-vin/rza-v4l2.c, rvin_format_bytesperline, 89
[   26.383351] 
[   26.383351] [RVC] ../drivers/media/platform/rza-vin/rza-v4l2.c, rvin_format_from_pixel, 78
Device /dev/video0 opened.
[   26.394801] 
[   26.394801] [RVC] ../drivers/media/platform/rza-vin/rza-v4l2.c,end of rvin_mc_open, 1063
Device `R_Car_VIN' on `p[   26.447395] 
[   26.447395] [RVC] ../drivers/media/platform/rza-vin/rza-v4l2.c, rvin_querycap, 384
latform:e803f000[   26.460823] 
[   26.460823] [RVC] ../drivers/media/platform/rza-vin/rza-v4l2.c, rvin_mc_s_fmt_vid_cap, 832
.video' is a vid[   26.472201] 
[   26.472201] [RVC] ../drivers/media/platform/rza-vin/rza-v4l2.c, __rvin_mc_try_format, 815
eo capture devic[   26.483572] 
[   26.483572] [RVC] ../drivers/media/platform/rza-vin/rza-v4l2.c, rvin_format_align, 136
e.
[   26.494812] 
[   26.494812] [RVC] ../drivers/media/platform/rza-vin/rza-v4l2.c, rvin_format_from_pixel, 78
[   26.505846] 
[   26.505846] [RVC] ../drivers/media/platform/rza-vin/rza-v4l2.c, __rvin_format_aling_update, 114
[   26.516093] 
[   26.516093] [RVC] ../drivers/media/platform/rza-vin/rza-v4l2.c, rvin_format_bytesperline, 89
[   26.526471] 
[   26.526471] [RVC] ../drivers/media/platform/rza-vin/rza-v4l2.c, rvin_format_from_pixel, 78
[   26.536561] 
[   26.536561] [RVC] ../drivers/media/platform/rza-vin/rza-v4l2.c, rvin_format_sizeimage, 100
[   26.546962] rcar-vin e803f000.video: Format 320x240 bpl: 1280 size: 307200
Video format set: SRGGB8 (42474752) 320x240 (stride 1280) buffer size 30[   26.609086] 
[   26.609086] [RVC] ../drivers/media/platform/rza-vin/rza-v4l2.c, rvin_g_fmt_vid_cap, 422
7200
Video format: SRGGB8 (42474752) 320x240 (stride 1280) buffer size 307200
1 buffers requested.
length: 307200 offset: 0
Buffer 0 mapped at address 0xb6f50000.
[   26.611047] 
[   26.611047] [RVC] ../drivers/media/platform/rza-vin/rza-dma.c, rvin_queue_setup, 908
[   26.663777] 
[   26.663777] [RVC] ../drivers/media/platform/rza-vin/rza-dma.c, rvin_buffer_queue, 940
[   26.674807] 
[   26.674807] [RVC] ../drivers/media/platform/rza-vin/rza-dma.c, rvin_start_streaming, 1069
[   26.684827] 
[   26.684827] [RVC] ../drivers/media/platform/rza-vin/rza-dma.c, rvin_set_stream, 979
[   26.694963] 
[   26.694963] [RVC] ../drivers/media/platform/rza-vin/rza-csi2.c, rcar_csi2_get_pad_format, 591
[   26.704944] 
[   26.704944] [RVC] ../drivers/media/platform/rza-vin/rza-csi2.c, rcar_csi2_s_stream, 510
[   26.716243] RVC_Call rcar_csi2_start
[   26.729710] 
[   26.729710] [RVC] ../drivers/media/platform/rza-vin/rza-csi2.c, rcar_csi2_start, 366
[   26.730130] rza-csi2 e8209000.csi2: Input size (320x240p)
[   26.745272] before FCNTM_REG 0
[   26.745310] before PHYDIM_REG 0
[   26.748422] before PHYIM_REG 0
[   26.751720] before VINDM_REG 0
[   26.754834] before VINSM1_REG 0
[   26.757916] before VINSM3_REG 0
[   26.761188] before PHYOM_REG 0
[   26.764386] 
[   26.764386] [RVC] ../drivers/media/platform/rza-vin/rza-csi2.c, rcar_csi2_calc_phy_timing, 322
[   26.767550] PHYTIM3_REG e09
[   26.777771] PHYTIM2_REG 30f0a
[   26.780603] PHYTIM1_REG 338f
[   26.783665] INTSTATE_REG 0
[   26.786610] TREF_REG 1
[   26.789355] 
[   26.789355] [RVC] ../drivers/media/platform/rza-vin/rza-csi2.c, rcar_csi2_reset, 261
[   26.835721] SRST_REG 0
[   26.847035] FLD_REG 1
[   26.849497] VCDT_REG 11e802a
[   26.852145] LSWAP_REG 4
[   26.855136] PHYCNT_REG 13
[   26.857630] PHYCNT_REG 0
[   26.860279] PHYCNT_REG 20013
[   26.863004] PHYCNT_REG 30013
[   26.866026] 
[   26.866026] [RVC] ../drivers/media/platform/rza-vin/rza-csi2.c, rcar_csi2_wait_phy_start, 271
[   26.869331] rza-csi2 e8209000.csi2: PHCLM_REG d
[   26.884326] rza-csi2 e8209000.csi2: PHDLM_REG 3003, priv->lanes 2, lane_mask 3
[   26.891660] phy_start FCNTM_REG 1
[   26.891665] phy_start PHYDIM_REG 0
[   26.895040] phy_start PHYIM_REG d4
[   26.898472] phy_start VINDM_REG 20002
[   26.901956] phy_start VINSM1_REG 2001
[   26.905657] phy_start VINSM3_REG c1f0
[   26.909400] phy_start PHYOM_REG 13
[   26.913147] RVC_Call finish rcar_csi2_start
[   26.920846] imx219_s_power
[   26.923998] imx219 2-0010: clk enable
[   26.927771] imx219_s_stream
[   26.930627] Before reg_write_table 
[   26.934304] reg_write data 1
[   26.979171] reg_write data 5
[   26.986765] reg_write data c
[   26.992986] reg_write data ff
[   26.998748] reg_write data ff
[   27.012744] reg_write data 5
[   27.027343] reg_write data 9
[   27.037652] reg_write data 1
[   27.047598] reg_write data 0
[   27.057364] reg_write data 18
[   27.067319] reg_write data 0
[   27.077078] reg_write data a
[   27.083626] reg_write data 83
[   27.089220] reg_write data d
[   27.102466] reg_write data 78
[   27.112311] reg_write data 1
[   27.117968] reg_write data 1
[   27.128705] reg_write data 0
[   27.135236] reg_write data 0
[   27.140443] reg_write data 8
[   27.152899] reg_write data 8
[   27.162763] reg_write data 5
[   27.168465] reg_write data 1
[   27.178866] reg_write data 2
[   27.185477] reg_write data 2
[   27.190826] reg_write data 0
[   27.202755] reg_write data 76
[   27.212968] reg_write data 8
[   27.218678] reg_write data 0
[   27.229355] reg_write data 4e
[   27.239433] reg_write data 0
[   27.245896] reg_write data 4b
[   27.251549] reg_write data f
[   27.260245] reg_write data 14
[   27.273397] reg_write data 0
[   27.279142] reg_write data 14
[   27.289892] reg_write data 30
[   27.296364] reg_write data 10
[   27.301913] reg_write data 10
[   27.307381] reg_write data 10
[   27.320094] reg_write data e
[   27.329945] reg_write data e
[   27.336256] After reg_write_table and before handle crop 
[   27.342039] reg_write data 0
[   27.350834] reg_write data 0
[   27.363934] reg_write data 2
[   27.369837] reg_write data 7f
[   27.382993] reg_write data 0
[   27.392887] reg_write data 0
[   27.398513] reg_write data 1
[   27.409216] reg_write data df
[   27.415889] reg_write data 2
[   27.421365] reg_write data 80
[   27.429856] reg_write data 1
[   27.442401] reg_write data e0
[   27.448350] After handle crop 
[   27.451836] reg_write data 0
[   27.460309] reg_write data 0
[   27.472961] reg_write data 1
[   27.478725] reg_write data 0
[   27.489699] reg_write data 0
[   27.499421] reg_write data 0
[   27.505769] before reg_write_table again 
[   27.509864] reg_write data 1
[   27.522358] RVC_Call v4l2_subdev_call
[   27.526522] after1 FCNTM_REG 6
[   27.526552] after1 PHYDIM_REG 0
[   27.529660] after1 PHYIM_REG 80000000
[   27.533179] after1 VINDM_REG 0
[   27.536885] after1 VINSM1_REG 7000
[   27.539993] after1 VINSM3_REG c1f0
[   27.543550] after1 PHYOM_REG 13
[   27.547031] RVC_Call rcar_csi2_s_stream before END
[   27.555116] rcar_csi2_s_stream go to mutex_unclock
[   27.560205] 
[   27.560205] [RVC] ../drivers/media/platform/rza-vin/rza-dma.c, rvin_capture_start, 654
[   27.560294] 
[   27.560294] [RVC] ../drivers/media/platform/rza-vin/rza-dma.c, rvin_fill_hw, 622
[   27.569782] limit = 1 , vin->continuous 0, HW_BUFFER_NUM 3 
[   27.584337] 
[   27.584337] [RVC] ../drivers/media/platform/rza-vin/rza-dma.c, rvin_fill_hw_slot, 597
[   27.584745] rcar-vin e803f000.video: Filling HW slot: 0
[   27.599540] 
[   27.599540] [RVC] ../drivers/media/platform/rza-vin/rza-dma.c, rvin_set_slot_addr, 555
[   27.599629] 
[   27.599629] [RVC] ../drivers/media/platform/rza-vin/rza-v4l2.c, rvin_format_from_pixel, 78
[   27.609187] offsetx  0 
[   27.621465] offsety  0 
[   27.623935] addr  40380000, offset 0 
[   27.627639] 
[   27.627639] [RVC] ../drivers/media/platform/rza-vin/rza-v4l2.c, rvin_format_from_pixel, 78
[   27.627645] offsetx  0 
[   27.639928] offsety  0 
[   27.642394] addr  40380000, offset 0 
[   27.646102] 0 rvin_irq VNMB_REG(0) 0, 30
[   27.650066] 0 rvin_irq VNMB_REG(1) 0, 34
[   27.654030] 0 rvin_irq VNMB_REG(2) 0, 38
[   27.658012] VNMB_REG(0) 40380000, 30
[   27.661620] 
[   27.661620] [RVC] ../drivers/media/platform/rza-vin/rza-dma.c,end of rvin_set_slot_addr, 588
[   27.661626] 
[   27.661626] [RVC] ../drivers/media/platform/rza-vin/rza-dma.c,end of rvin_fill_hw, 628
[   27.671618] 
[   27.671618] [RVC] ../drivers/media/platform/rza-vin/rza-dma.c, rvin_crop_scale_comp, 260
[   27.681114] VNSPPRC_REG 64
[   27.690782] VNEPPRC_REG 383
[   27.693579] default VNSLPRC_REG 18
[   27.696416] VNELPRC_REG 1f7
[   27.699853] 
[   27.699853] [RVC] ../drivers/media/platform/rza-vin/rza-dma.c, rvin_crop_scale_comp_gen3, 212
[   27.702708] 
[   27.702708] [RVC] ../drivers/media/platform/rza-vin/rza-dma.c, rvin_get_bwidth, 186
[   27.712787] 
[   27.712787] [RVC] ../drivers/media/platform/rza-vin/rza-dma.c, rvin_get_bwidth, 186
[   27.722001] VNIS_REG 140
[   27.731206] 
[   27.731206] [RVC] ../drivers/media/platform/rza-vin/rza-dma.c, rvin_setup, 320
[   27.733764] progressive = true 
[   27.745716] Support MEDIA_BUS_FMT_SRGGB8_1X8
[   27.745807] Enable FTEV dmr2 20000
[   27.753538] Enable VNDMR2_HPS dmr2 20020000
[   27.757769] Enable VNDMR2_VPS dmr2 60020000
[   27.762049] output V4L2_PIX_FMT_UYVY 
[   27.765760] 
[   27.765760] [RVC] ../drivers/media/platform/rza-vin/rza-dma.c, rvin_is_scaling, 305
[   27.765804] interrupts 10
[   27.777648] VNINTS_REG d0030000
[   27.780818] VNIE_REG 10
[   27.783288] VNDMR_REG 0
[   27.783295] VNDMR2_REG 60020000
[   27.785775] VNMC_REG 4000b
[   27.788941] 
[   27.788941] [RVC] ../drivers/media/platform/rza-vin/rza-dma.c, rvin_capture_on, 634
[   27.791707] rcar-vin e803f000.video: Capture on in single mode
[   27.806790] Single Frame VNFC_REG 0
[   27.823700] 
[   27.823700] [RVC] ../drivers/media/platform/rza-vin/rza-dma.c, rvin_irq, 770
[   27.823888] 
[   27.823888] [RVC] ../drivers/media/platform/rza-vin/rza-dma.c, rvin_get_interrupt_status, 520
[   27.832919] VNINTS_REG d0030010
[   27.843046] 
[   27.843046] [RVC] ../drivers/media/platform/rza-vin/rza-dma.c, rvin_ack_interrupt, 527
[   27.846229] VNINTS_REG 0
[   27.855736] VNMS_REG c
[   27.858311] 
[   27.858311] [RVC] ../drivers/media/platform/rza-vin/rza-dma.c, rvin_get_active_slot, 543
[   27.860693] VNMS_REG c
[   27.870616] rcar-vin e803f000.video: IRQ 00: 0       buf0: x buf1: 0 buf2: 0 more: 0
[   27.880303] 
[   27.880303] [RVC] ../drivers/media/platform/rza-vin/rza-dma.c, rvin_seq_field_done, 717
[   27.880346] rvin_seq_field_done VNMS_REG c
[   27.889931] 1 rvin_irq VNMB_REG(0) 40380000, 30
[   27.898670] 1 rvin_irq VNMB_REG(1) 0, 34
[   27.902643] 1 rvin_irq VNMB_REG(2) 0, 38
[   27.906803] 
[   27.906803] [RVC] ../drivers/media/platform/rza-vin/rza-dma.c, rvin_fill_hw, 622
[   27.906823] limit = 1 , vin->continuous 0, HW_BUFFER_NUM 3 
0 (0) [-] 0 307200 bytes 27.868949 27.989961 -8.405 fps
write buf(0)
Content of buf 0 at address b6f50000
Content of buf 0 at address b6f50001
Content of buf 0 [   27.921386] 
[   27.921386] [RVC] ../drivers/media/platform/rza-vin/rza-dma.c, rvin_fill_hw_slot, 597
at address b6f50002
Conten[   28.078079] 
[   28.078079] [RVC] ../drivers/media/platform/rza-vin/rza-dma.c, rvin_stop_streaming, 1098
[   28.091913] VNFC_REG 0
[   28.102771] 
[   28.102771] [RVC] ../drivers/media/platform/rza-vin/rza-dma.c, rvin_capture_stop, 691
[   28.105207] VNMC_REG 4000b
[   28.114617] VNMC_REG 4000a
[   28.117410] 
[   28.117410] [RVC] ../drivers/media/platform/rza-vin/rza-dma.c, rvin_capture_active, 535
[   28.120168] VNMS_REG c
[   28.129722] VNMS_CA 1
t of buf 0 at ad[   28.132164] 
[   28.132164] [RVC] ../drivers/media/platform/rza-vin/rza-dma.c, return_all_buffers, 887
dress b6f50003
Content [   28.135142] 
[   28.135142] [RVC] ../drivers/media/platform/rza-vin/rza-dma.c, rvin_set_stream, 979
of buf 0 at addr[   28.146746] 
[   28.146746] [RVC] ../drivers/media/platform/rza-vin/rza-csi2.c, rcar_csi2_s_stream, 510
ess b6f50004
Co[   28.157737] RVC_Call rcar_csi2_stop
ntent of buf 0 a[   28.173655] after FCNTM_REG 3b
t address b6f500[   28.173681] after PHYDIM_REG 0
05
Content of b[   28.178103] after PHYIM_REG b8
uf 0 at address [   28.182644] after VINDM_REG 0
b6f50006
Conten[   28.187141] after VINSM1_REG b000
t of buf 0 at ad[   28.191556] after VINSM3_REG c0f0
dress b6f50007
[   28.196267] after PHYOM_REG 13
Content of buf 0[   28.201132] 
[   28.201132] [RVC] ../drivers/media/platform/rza-vin/rza-csi2.c, rcar_csi2_stop, 474
 at address b6f5[   28.205506] AF FCNTM_REG 3d
0008
Content of[   28.216117] AF PHYDIM_REG 0
 buf 0 at addres[   28.220308] AF PHYIM_REG 8000006c
s b6f50009
writ[   28.224549] AF VINDM_REG 0
e buf(0)
[   28.229264] AF VINSM1_REG d000
[   28.233435] AF VINSM3_REG c1f0
[   28.237336] AF PHYOM_REG 0
[   28.240416] 
[   28.240416] [RVC] ../drivers/media/platform/rza-vin/rza-csi2.c, rcar_csi2_reset, 261
[   28.297670] SRST_REG 0
[   28.309632] RVC_Call rcar_csi2_s_stream before END
[   28.317494] rcar_csi2_s_stream go to mutex_unclock
Captured 1 frames in 0.002039 seconds (490.221551 fps, 150596060.383530 B/s).
1 buffers released.
[   28.322727] 
[   28.322727] [RVC] ../drivers/media/platform/rza-vin/rza-dma.c, rvin_disable_interrupts, 513
$ 
