$  media-ctl -d /dev/media0 -p
Media controller API version 4.14.43

Media device information
------------------------
driver          Renesas VIN
model           video
serial          
bus info        /video@e803f000
hw revision     0x0
driver version  4.14.43

Device topology
- entity 1: rza_vin e803f000.video (1 pad, 1 link)
            type Node subtype V4L flags 0
            device node name /dev/video0
        pad0: Sink
                <- "rza_csi2 e8209000.csi2":1 [ENABLED]

- entity 5: rza_csi2 e8209000.csi2 (5 pads, 1 link)
            type V4L2 subdev subtype Unknown flags 0
            device node name /dev/v4l-subdev0
        pad0: Sink
                [fmt:unknown/0x0]
        pad1: Source
                [fmt:unknown/0x0]
                -> "rza_vin e803f000.video":0 [ENABLED]
        pad2: Source
                [fmt:unknown/0x0]
        pad3: Source
                [fmt:unknown/0x0]
        pad4: Source
                [fmt:unknown/0x0]

$ $ mem w b fcfe042c 0 1
-sh: $: not found
$ $mem w b fcfe042c 0 1
-sh: w: not found
$ mem w b fcfe042c 0 1
$ mem w b fcfe0430 0 1
$ media-ctl -d /dev/media0 -l "'rza_csi2 e8209000.csi2':1 -> 'rza_vin e803f000.v
ideo':0 [1]"
$ media-ctl -V "'rza_csi2 e8209000.csi2':1 [fmt:UYVY8_2X8/1280x800 field:none]"
$  media-ctl -d /dev/media0 -p
Media controller API version 4.14.43

Media device information
------------------------
driver          Renesas VIN
model           video
serial          
bus info        /video@e803f000
hw revision     0x0
driver version  4.14.43

Device topology
- entity 1: rza_vin e803f000.video (1 pad, 1 link)
            type Node subtype V4L flags 0
            device node name /dev/video0
        pad0: Sink
                <- "rza_csi2 e8209000.csi2":1 [ENABLED]

- entity 5: rza_csi2 e8209000.csi2 (5 pads, 1 link)
            type V4L2 subdev subtype Unknown flags 0
            device node name /dev/v4l-subdev0
        pad0: Sink
                [fmt:UYVY8_2X8/1280x800 field:none]
        pad1: Source
                [fmt:UYVY8_2X8/1280x800 field:none]
                -> "rza_vin e803f000.video":0 [ENABLED]
        pad2: Source
                [fmt:UYVY8_2X8/1280x800 field:none]
        pad3: Source
                [fmt:UYVY8_2X8/1280x800 field:none]
        pad4: Source
                [fmt:UYVY8_2X8/1280x800 field:none]

$ $./ov76_test -c -n
-sh: $./ov76_test: not found
$ ./ov76_test -c -n
mipi_open start 
mipi_open /dev/i2c-2 ok 
mipi_open ok via i2c 
 mipi_set_format
camera init start 
checking VIDIOC_S_INPUT
checking VIDIOC_S_FMT
checking VIDIOC_G_FMT
checking VIDIOC_S_FMT
checking VIDIOC_REQBUFS
checking VIDIOC_QUERYBUF
checking VIDIOC_QBUF
***********************************************
Continuous Stream Mode.
Press ENTER at any time to exit.
*******************************[  111.156241] rcar_csi2_s_stream
****************
mipi_se[  111.163102] RVC_Call rcar_csi2_start
t_clk
value at [  111.168569] rza-csi2 e8209000.csi2: Input size (1280x800p)
0x01 = 0
[  111.182038] rza-csi2 e8209000.csi2: lane_mask 3
[  111.222197] rza-csi2 e8209000.csi2: lane_mask 3
[  111.261445] rza-csi2 e8209000.csi2: lane_mask 3
[  111.301299] rza-csi2 e8209000.csi2: lane_mask 3
[  111.341375] rza-csi2 e8209000.csi2: lane_mask 3
[  111.381245] rza-csi2 e8209000.csi2: lane_mask 3
[  111.421308] rza-csi2 e8209000.csi2: lane_mask 3
[  111.461262] rza-csi2 e8209000.csi2: lane_mask 3
[  111.501358] rza-csi2 e8209000.csi2: lane_mask 3
[  111.541271] rza-csi2 e8209000.csi2: lane_mask 3
[  111.581249] rza-csi2 e8209000.csi2: lane_mask 3
[  111.621248] rza-csi2 e8209000.csi2: lane_mask 3
[  111.661313] rza-csi2 e8209000.csi2: lane_mask 3
[  111.701581] rza-csi2 e8209000.csi2: lane_mask 3
[  111.741412] rza-csi2 e8209000.csi2: lane_mask 3
[  111.781334] rza-csi2 e8209000.csi2: lane_mask 3
[  111.821393] rza-csi2 e8209000.csi2: lane_mask 3
[  111.862490] rza-csi2 e8209000.csi2: lane_mask 3
[  111.901376] rza-csi2 e8209000.csi2: lane_mask 3
[  111.941321] rza-csi2 e8209000.csi2: lane_mask 3
[  111.981318] rza-csi2 e8209000.csi2: lane_mask 3
[  112.021280] rza-csi2 e8209000.csi2: lane_mask 3
[  112.061287] rza-csi2 e8209000.csi2: lane_mask 3
[  112.102614] rza-csi2 e8209000.csi2: lane_mask 3
[  112.141537] rza-csi2 e8209000.csi2: lane_mask 3
[  112.181423] rza-csi2 e8209000.csi2: lane_mask 3
[  112.221326] rza-csi2 e8209000.csi2: lane_mask 3
[  112.261319] rza-csi2 e8209000.csi2: lane_mask 3
[  112.301315] rza-csi2 e8209000.csi2: lane_mask 3
[  112.341299] rza-csi2 e8209000.csi2: lane_mask 3
[  112.381230] rza-csi2 e8209000.csi2: lane_mask 3
[  112.421287] rza-csi2 e8209000.csi2: lane_mask 3
[  112.461370] rza-csi2 e8209000.csi2: lane_mask 3
[  112.501236] rza-csi2 e8209000.csi2: lane_mask 3
[  112.541290] rza-csi2 e8209000.csi2: lane_mask 3
[  112.581305] rza-csi2 e8209000.csi2: lane_mask 3
[  112.621275] rza-csi2 e8209000.csi2: lane_mask 3
[  112.661257] rza-csi2 e8209000.csi2: lane_mask 3
[  112.701504] rza-csi2 e8209000.csi2: lane_mask 3
[  112.741478] rza-csi2 e8209000.csi2: lane_mask 3
[  112.781336] rza-csi2 e8209000.csi2: lane_mask 3
[  112.821390] rza-csi2 e8209000.csi2: lane_mask 3
[  112.861360] rza-csi2 e8209000.csi2: lane_mask 3
[  112.901386] rza-csi2 e8209000.csi2: lane_mask 3
[  112.941231] rza-csi2 e8209000.csi2: lane_mask 3
[  112.981227] rza-csi2 e8209000.csi2: lane_mask 3
[  113.021326] rza-csi2 e8209000.csi2: lane_mask 3
[  113.061268] rza-csi2 e8209000.csi2: lane_mask 3
[  113.101302] rza-csi2 e8209000.csi2: lane_mask 3
[  113.141284] rza-csi2 e8209000.csi2: lane_mask 3
[  113.181271] rza-csi2 e8209000.csi2: lane_mask 3
[  113.221294] rza-csi2 e8209000.csi2: lane_mask 3
[  113.261233] rza-csi2 e8209000.csi2: lane_mask 3
[  113.301247] rza-csi2 e8209000.csi2: lane_mask 3
[  113.341251] rza-csi2 e8209000.csi2: lane_mask 3
[  113.381306] rza-csi2 e8209000.csi2: lane_mask 3
[  113.421289] rza-csi2 e8209000.csi2: lane_mask 3
[  113.461186] rza-csi2 e8209000.csi2: lane_mask 3
[  113.501357] rza-csi2 e8209000.csi2: lane_mask 3
[  113.541279] rza-csi2 e8209000.csi2: lane_mask 3
[  113.581212] rza-csi2 e8209000.csi2: lane_mask 3
[  113.621211] rza-csi2 e8209000.csi2: lane_mask 3
[  113.661231] rza-csi2 e8209000.csi2: lane_mask 3
[  113.701507] rza-csi2 e8209000.csi2: lane_mask 3
[  113.741468] rza-csi2 e8209000.csi2: lane_mask 3
[  113.781401] rza-csi2 e8209000.csi2: lane_mask 3
[  113.821338] rza-csi2 e8209000.csi2: lane_mask 3
[  113.861248] rza-csi2 e8209000.csi2: lane_mask 3
[  113.901199] rza-csi2 e8209000.csi2: lane_mask 3
[  113.941202] rza-csi2 e8209000.csi2: lane_mask 3
[  113.981333] rza-csi2 e8209000.csi2: lane_mask 3
[  114.021260] rza-csi2 e8209000.csi2: lane_mask 3
[  114.061200] rza-csi2 e8209000.csi2: lane_mask 3
[  114.102884] rza-csi2 e8209000.csi2: lane_mask 3
[  114.141495] rza-csi2 e8209000.csi2: lane_mask 3
[  114.181410] rza-csi2 e8209000.csi2: lane_mask 3
[  114.221275] rza-csi2 e8209000.csi2: lane_mask 3
[  114.261242] rza-csi2 e8209000.csi2: lane_mask 3
[  114.301328] rza-csi2 e8209000.csi2: lane_mask 3
[  114.341340] rza-csi2 e8209000.csi2: lane_mask 3
[  114.381280] rza-csi2 e8209000.csi2: lane_mask 3
[  114.421359] rza-csi2 e8209000.csi2: lane_mask 3
[  114.461279] rza-csi2 e8209000.csi2: lane_mask 3
[  114.501216] rza-csi2 e8209000.csi2: lane_mask 3
[  114.541209] rza-csi2 e8209000.csi2: lane_mask 3
[  114.581288] rza-csi2 e8209000.csi2: lane_mask 3
[  114.621288] rza-csi2 e8209000.csi2: lane_mask 3
[  114.661305] rza-csi2 e8209000.csi2: lane_mask 3
[  114.701587] rza-csi2 e8209000.csi2: lane_mask 3
[  114.741443] rza-csi2 e8209000.csi2: lane_mask 3
[  114.781318] rza-csi2 e8209000.csi2: lane_mask 3
[  114.821313] rza-csi2 e8209000.csi2: lane_mask 3
[  114.861318] rza-csi2 e8209000.csi2: lane_mask 3
[  114.901294] rza-csi2 e8209000.csi2: lane_mask 3
[  114.941211] rza-csi2 e8209000.csi2: lane_mask 3
[  114.981289] rza-csi2 e8209000.csi2: lane_mask 3
[  115.021281] rza-csi2 e8209000.csi2: lane_mask 3
[  115.061310] rza-csi2 e8209000.csi2: lane_mask 3
[  115.101288] rza-csi2 e8209000.csi2: lane_mask 3
[  115.141243] rza-csi2 e8209000.csi2: lane_mask 3
[  115.181242] rza-csi2 e8209000.csi2: PHCLM_REG c
[  115.186095] rza-csi2 e8209000.csi2: PHDLM_REG 3000, priv->lanes 0, lane_mask0
[  115.193930] rza-csi2 e8209000.csi2: Timeout waiting for LP-11 state
[  115.200945] rcar_csi2_s_stream go to mutex_unclock
checking VIDIOC_STREAMON
VIDIOC_STREAMON: Connection timed out
Done with errors
[  115.250557] rcar-vin e803f000.video: MSTP status timeout
$ [  118.992840] random: crng init done
yavta -f YUYV -s 640x480 -c10 --skip 7 --file='/tmp/vin0.bin' /dev/video0 --si
ze 800x480
Device /dev/video0 opened.
Device `R_Car_VIN' on `platform:e803f000.video' is a video capture device.
Video format set: YUYV (56595559) 800x480 (stride 1600) buffer size 768000
Video format: YUYV (56595559) 800x480 (stride 1600) buffer size 768000
[  143.059322] yavta: page allocation failure: order:8, mode:0x14000c0(GFP_KERN)
[  143.072376] CPU: 0 PID: 546 Comm: yavta Not tainted 4.14.43-g033f5ff-dirty #2
[  143.079898] Hardware name: Generic R7S9210 (Flattened Device Tree)
[  143.088988] [<bf808eb5>] (unwind_backtrace) from [<bf80779b>] (show_stack+0x)
[  143.097812] [<bf80779b>] (show_stack) from [<bf843a1b>] (warn_alloc+0x61/0xf)
[  143.105767] [<bf843a1b>] (warn_alloc) from [<bf84408f>] (__alloc_pages_nodem)
[  143.114759] [<bf84408f>] (__alloc_pages_nodemask) from [<bf809fbf>] (__dma_a)
[  143.125103] [<bf809fbf>] (__dma_alloc_buffer.constprop.5) from [<bf80a10d>] )
[  143.135230] [<bf80a10d>] (remap_allocator_alloc) from [<bf809b57>] (__dma_al)
[  143.144059] [<bf809b57>] (__dma_alloc) from [<bf809c3d>] (arm_dma_alloc+0x2d)
[  143.152279] [<bf809c3d>] (arm_dma_alloc) from [<bf9d4bc5>] (vb2_dc_alloc+0x6)
[  143.160198] [<bf9d4bc5>] (vb2_dc_alloc) from [<bf9d0eeb>] (__vb2_queue_alloc)
[  143.168629] [<bf9d0eeb>] (__vb2_queue_alloc) from [<bf9d22a3>] (vb2_core_req)
[  143.177279] [<bf9d22a3>] (vb2_core_reqbufs) from [<bf9d424f>] (vb2_ioctl_req)
[  143.186119] [<bf9d424f>] (vb2_ioctl_reqbufs) from [<bf9c9441>] (__video_do_i)
[  143.194957] [<bf9c9441>] (__video_do_ioctl) from [<bf9c977b>] (video_usercop)
[  143.204235] [<bf9c977b>] (video_usercopy) from [<bf9c4cb3>] (v4l2_ioctl+0x57)
[  143.212597] [<bf9c4cb3>] (v4l2_ioctl) from [<bf872aed>] (vfs_ioctl+0x11/0x1c)
[  143.219961] [<bf872aed>] (vfs_ioctl) from [<bf872f3b>] (do_vfs_ioctl+0x61/0x)
[  143.227575] [<bf872f3b>] (do_vfs_ioctl) from [<bf873507>] (SyS_ioctl+0x23/0x)
[  143.235227] [<bf873507>] (SyS_ioctl) from [<bf804e81>] (ret_fast_syscall+0x1)
[  143.243134] Mem-Info:
[  143.245648] active_anon:94 inactive_anon:3 isolated_anon:0
[  143.245648]  active_file:0 inactive_file:2 isolated_file:0
[  143.245648]  unevictable:0 dirty:0 writeback:0 unstable:0
[  143.245648]  slab_reclaimable:30 slab_unreclaimable:331
[  143.245648]  mapped:1 shmem:11 pagetables:16 bounce:0
[  143.245648]  free:736 free_pcp:0 free_cma:0
[  143.276953] Node 0 active_anon:376kB inactive_anon:12kB active_file:0kB inaco
[  143.298807] Normal free:2944kB min:344kB low:428kB high:512kB active_anon:37B
[  143.324978] lowmem_reserve[]: 0 0 0
[  143.328592] Normal: 32*4kB (U) 14*8kB (U) 15*16kB (U) 11*32kB (U) 3*64kB (U)B
[  143.342266] 13 total pagecache pages
[  143.346009] 0 pages in swap cache
[  143.349374] Swap cache stats: add 0, delete 0, find 0/0
[  143.354813] Free swap  = 0kB
[  143.357746] Total swap = 0kB
[  143.360670] 2048 pages RAM
[  143.363482] 0 pages HighMem/MovableOnly
[  143.367384] 170 pages reserved
[  143.371370] rcar-vin e803f000.video: dma_alloc_coherent of size 770048 failed
2 buffers requested.
length: 768000 offset: 0
Buffer 0 mapped at address 0xb6d00000.
length: 768000 offset: 770048
Buffer 1 mapp[  143.484871] rcar_csi2_s_stream
ed at address 0xb6c44000.
[  143.492576] RVC_Call rcar_csi2_start
[  143.496924] rza-csi2 e8209000.csi2: Input size (1280x800p)
[  143.523905] rza-csi2 e8209000.csi2: lane_mask 3
[  143.561480] rza-csi2 e8209000.csi2: lane_mask 3
[  143.601416] rza-csi2 e8209000.csi2: lane_mask 3
[  143.641445] rza-csi2 e8209000.csi2: lane_mask 3
[  143.681356] rza-csi2 e8209000.csi2: lane_mask 3
[  143.721578] rza-csi2 e8209000.csi2: lane_mask 3
[  143.761509] rza-csi2 e8209000.csi2: lane_mask 3
[  143.801323] rza-csi2 e8209000.csi2: lane_mask 3
[  143.841315] rza-csi2 e8209000.csi2: lane_mask 3
[  143.881276] rza-csi2 e8209000.csi2: lane_mask 3
[  143.921438] rza-csi2 e8209000.csi2: lane_mask 3
[  143.961229] rza-csi2 e8209000.csi2: lane_mask 3
[  144.001304] rza-csi2 e8209000.csi2: lane_mask 3
[  144.041267] rza-csi2 e8209000.csi2: lane_mask 3
[  144.081251] rza-csi2 e8209000.csi2: lane_mask 3
[  144.121386] rza-csi2 e8209000.csi2: lane_mask 3
[  144.161476] rza-csi2 e8209000.csi2: lane_mask 3
[  144.201220] rza-csi2 e8209000.csi2: lane_mask 3
[  144.241381] rza-csi2 e8209000.csi2: lane_mask 3
[  144.281310] rza-csi2 e8209000.csi2: lane_mask 3
[  144.321313] rza-csi2 e8209000.csi2: lane_mask 3
[  144.361262] rza-csi2 e8209000.csi2: lane_mask 3
[  144.401253] rza-csi2 e8209000.csi2: lane_mask 3
[  144.441297] rza-csi2 e8209000.csi2: lane_mask 3
[  144.481266] rza-csi2 e8209000.csi2: lane_mask 3
[  144.521261] rza-csi2 e8209000.csi2: lane_mask 3
[  144.561246] rza-csi2 e8209000.csi2: lane_mask 3
[  144.601163] rza-csi2 e8209000.csi2: lane_mask 3
[  144.641320] rza-csi2 e8209000.csi2: lane_mask 3
[  144.681299] rza-csi2 e8209000.csi2: lane_mask 3
[  144.721462] rza-csi2 e8209000.csi2: lane_mask 3
[  144.761426] rza-csi2 e8209000.csi2: lane_mask 3
[  144.801353] rza-csi2 e8209000.csi2: lane_mask 3
[  144.841411] rza-csi2 e8209000.csi2: lane_mask 3
[  144.881264] rza-csi2 e8209000.csi2: lane_mask 3
[  144.921249] rza-csi2 e8209000.csi2: lane_mask 3
[  144.961256] rza-csi2 e8209000.csi2: lane_mask 3
[  145.001337] rza-csi2 e8209000.csi2: lane_mask 3
[  145.041257] rza-csi2 e8209000.csi2: lane_mask 3
[  145.081250] rza-csi2 e8209000.csi2: lane_mask 3
[  145.121271] rza-csi2 e8209000.csi2: lane_mask 3
[  145.161230] rza-csi2 e8209000.csi2: lane_mask 3
[  145.201253] rza-csi2 e8209000.csi2: lane_mask 3
[  145.241214] rza-csi2 e8209000.csi2: lane_mask 3
[  145.281309] rza-csi2 e8209000.csi2: lane_mask 3
[  145.321247] rza-csi2 e8209000.csi2: lane_mask 3
[  145.361262] rza-csi2 e8209000.csi2: lane_mask 3
[  145.401252] rza-csi2 e8209000.csi2: lane_mask 3
[  145.441281] rza-csi2 e8209000.csi2: lane_mask 3
[  145.481335] rza-csi2 e8209000.csi2: lane_mask 3
[  145.521261] rza-csi2 e8209000.csi2: lane_mask 3
[  145.561210] rza-csi2 e8209000.csi2: lane_mask 3
[  145.601213] rza-csi2 e8209000.csi2: lane_mask 3
[  145.641204] rza-csi2 e8209000.csi2: lane_mask 3
[  145.681393] rza-csi2 e8209000.csi2: lane_mask 3
[  145.721464] rza-csi2 e8209000.csi2: lane_mask 3
[  145.761367] rza-csi2 e8209000.csi2: lane_mask 3
[  145.801438] rza-csi2 e8209000.csi2: lane_mask 3
[  145.841311] rza-csi2 e8209000.csi2: lane_mask 3
[  145.881333] rza-csi2 e8209000.csi2: lane_mask 3
[  145.921229] rza-csi2 e8209000.csi2: lane_mask 3
[  145.961250] rza-csi2 e8209000.csi2: lane_mask 3
[  146.001382] rza-csi2 e8209000.csi2: lane_mask 3
[  146.041268] rza-csi2 e8209000.csi2: lane_mask 3
[  146.081404] rza-csi2 e8209000.csi2: lane_mask 3
[  146.121626] rza-csi2 e8209000.csi2: lane_mask 3
[  146.161426] rza-csi2 e8209000.csi2: lane_mask 3
[  146.201347] rza-csi2 e8209000.csi2: lane_mask 3
[  146.241305] rza-csi2 e8209000.csi2: lane_mask 3
[  146.281230] rza-csi2 e8209000.csi2: lane_mask 3
[  146.321282] rza-csi2 e8209000.csi2: lane_mask 3
[  146.361228] rza-csi2 e8209000.csi2: lane_mask 3
[  146.401332] rza-csi2 e8209000.csi2: lane_mask 3
[  146.441374] rza-csi2 e8209000.csi2: lane_mask 3
[  146.481429] rza-csi2 e8209000.csi2: lane_mask 3
[  146.521249] rza-csi2 e8209000.csi2: lane_mask 3
[  146.561261] rza-csi2 e8209000.csi2: lane_mask 3
[  146.601306] rza-csi2 e8209000.csi2: lane_mask 3
[  146.641223] rza-csi2 e8209000.csi2: lane_mask 3
[  146.681307] rza-csi2 e8209000.csi2: lane_mask 3
[  146.721521] rza-csi2 e8209000.csi2: lane_mask 3
[  146.761387] rza-csi2 e8209000.csi2: lane_mask 3
[  146.801248] rza-csi2 e8209000.csi2: lane_mask 3
[  146.841384] rza-csi2 e8209000.csi2: lane_mask 3
[  146.881327] rza-csi2 e8209000.csi2: lane_mask 3
[  146.921258] rza-csi2 e8209000.csi2: lane_mask 3
[  146.961349] rza-csi2 e8209000.csi2: lane_mask 3
[  147.001262] rza-csi2 e8209000.csi2: lane_mask 3
[  147.041298] rza-csi2 e8209000.csi2: lane_mask 3
[  147.081345] rza-csi2 e8209000.csi2: lane_mask 3
[  147.121251] rza-csi2 e8209000.csi2: lane_mask 3
[  147.161309] rza-csi2 e8209000.csi2: lane_mask 3
[  147.201273] rza-csi2 e8209000.csi2: lane_mask 3
[  147.241229] rza-csi2 e8209000.csi2: lane_mask 3
[  147.281309] rza-csi2 e8209000.csi2: lane_mask 3
[  147.321319] rza-csi2 e8209000.csi2: lane_mask 3
[  147.361343] rza-csi2 e8209000.csi2: lane_mask 3
[  147.401305] rza-csi2 e8209000.csi2: lane_mask 3
[  147.441269] rza-csi2 e8209000.csi2: lane_mask 3
[  147.481177] rza-csi2 e8209000.csi2: lane_mask 3
[  147.521324] rza-csi2 e8209000.csi2: PHCLM_REG c
[  147.526223] rza-csi2 e8209000.csi2: PHDLM_REG 3000, priv->lanes 0, lane_mask0
[  147.534023] rza-csi2 e8209000.csi2: Timeout waiting for LP-11 state
[  147.540931] rcar_csi2_s_stream go to mutex_unclock
Unable to start streaming: Connection timed out (110).
2 buffers released.
[  147.589578] rcar-vin e803f000.video: MSTP status timeout
$ 

