root
$ insmod qspi_flash.ko 
[  179.503027] qspi_flash: loading out-of-tree module taints kernel.
[  179.513473] KYT aaaa beginning of qspi_flash_init
[  179.528138] qspi_flash: Flash ID = 00 00 00 00 00 00 00 00 00 00
[  179.534439] qspi_flash: Warning - SPI Device is not Macronix MX25L51245G
[  179.541491] qspi_flash: version 2017-11-20
$ 
$ echo 

$ ehco "test" > /tmp/t
-sh: ehco: not found
$ echo "test" > /tmp/t
$ 
$ 
$ strace ./qspi_app e s 25000000
execve("./qspi_app", ["./qspi_app", "e", "s", "25000000"], 0xbebaee3c /* 11 vars */) = 0
brk(NULL)                               = 0x23000
uname({sysname="Linux", nodename="buildroot", ...}) = 0
access(0xb6fab818, R_OK)                = -1 ENOENT (No such file or directory)
openat(AT_FDCWD, 0xb6fad394, O_RDONLY|O_LARGEFILE|O_CLOEXEC) = -1 ENOENT (No such file or directory)
openat(AT_FDCWD, "/lib/tls/v7l/neon/vfp/libc.so.6", O_RDONLY|O_LARGEFILE|O_CLOEXEC) = -1 ENOENT (No such file or directory)
stat64("/lib/tls/v7l/neon/vfp", 0xbe9dd278) = -1 ENOENT (No such file or directory)
openat(AT_FDCWD, "/lib/tls/v7l/neon/libc.so.6", O_RDO[  215.865006] qspi_flash: KYT beginning of qspi_flash_write
NLY|O_LARGEFILE|[  215.871963] qspi_flash: qspi_flash_write called. count=2, *ppos=0
O_CLOEXEC) = -1 [  215.879581] qspi_flash: (BEFORE) op=0,addr=0x0,dual=0,prog_buffer_cnt=0,op_err=0
ENOENT (No such [  215.888477] qspi_flash: 
[  215.888477] [RVC_DEBUG] qspi_flash_write 1165 count = 2
file or director[  215.897666] qspi_flash: 
[  215.897666] [RVC_DEBUG] qspi_flash_write 1166 --> DATA = 
y)
stat64("/lib[  215.897674] qspi_flash: 64
/tls/v7l/neon", [  215.907051] qspi_flash: 30
0xbe9dd278) = -1[  215.911166] qspi_flash: 
 ENOENT (No such[  215.919265] qspi_flash: (AFTER) op=0,addr=0x0,dual=0,prog_buffer_cnt=0,op_err=0
 file or directory)
openat(AT_FDCWD, "/lib/tls/v7l/vfp/libc.so.6", O_RDONLY|O_LARGEFILE|O_CLOEXEC) = -1 ENOENT (No such f[  215.937695] qspi_flash: KYT beginning of qspi_flash_wre
ile or directory[  215.944284] qspi_flash: qspi_flash_write called. count=6, *ppos=2
)
stat64("/lib/[  215.952023] qspi_flash: (BEFORE) op=0,addr=0x0,dual=0,prog_buffer_cnt=0,op_err=0
tls/v7l/vfp", 0x[  215.960972] qspi_flash: 
[  215.960972] [RVC_DEBUG] qspi_flash_write 1165 count = 6
be9dd278)  = -1 [  215.970136] qspi_flash: 
[  215.970136] [RVC_DEBUG] qspi_flash_write 1166 --> DATA = 
ENOENT (No such [  215.970144] qspi_flash: 65
file or director[  215.979514] qspi_flash: 72
y)
openat(AT_FD[  215.983637] qspi_flash: 00
CWD, "/lib/tls/v[  215.987776] qspi_flash: 00
7l/libc.so.6", O[  215.991892] qspi_flash: 00
_RDONLY|O_LARGEF[  215.996009] qspi_flash: 25
ILE|O_CLOEXEC) =[  216.000147] qspi_flash: 
 -1 ENOENT (No s[  216.008228] qspi_flash: KYT beginning of qspi_flash_do_erase
uch file or directory)
stat64("[  216.183387] qspi_flash: KYT In qspi_flash_do_erase -> after change to qspi_flash_mode_xip!
/lib/tls/v7l", 0[  216.193080] qspi_flash: 
[  216.193080] [RVC_DEBUG] qspi_flash_do_erase 819 --> DATA = 
xbe9dd278)      [  216.193086] qspi_flash: FF
= -1 ENOENT (No [  216.202630] qspi_flash: FF
such file or dir[  216.206761] qspi_flash: FF
ectory)
openat([  216.210881] qspi_flash: FF
AT_FDCWD, "/lib/[  216.215000] qspi_flash: FF
tls/neon/vfp/lib[  216.219147] qspi_flash: FF
c.so.6", O_RDONL[  216.223263] qspi_flash: FF
Y|O_LARGEFILE|O_[  216.227401] qspi_flash: FF
CLOEXEC) = -1 EN[  216.231518] qspi_flash: FF
OENT (No such fi[  216.235636] qspi_flash: FF
le or directory)[  216.239774] qspi_flash: FF

stat64("/lib/t[  216.243891] qspi_flash: FF
ls/neon/vfp", 0x[  216.248028] qspi_flash: FF
be9dd278) = -1 E[  216.252147] qspi_flash: FF
NOENT (No such f[  216.256284] qspi_flash: FF
ile or directory[  216.260401] qspi_flash: FF
)
openat(AT_FDC[  216.264519] qspi_flash: FF
WD, "/lib/tls/ne[  216.268657] qspi_flash: FF
on/libc.so.6", O[  216.272774] qspi_flash: FF
_RDONLY|O_LARGEF[  216.276910] qspi_flash: FF
ILE|O_CLOEXEC) =[  216.281028] qspi_flash: FF
 -1 ENOENT (No s[  216.285146] qspi_flash: FF
uch file or dire[  216.289286] qspi_flash: FF
ctory)
stat64("[  216.293404] qspi_flash: FF
/lib/tls/neon", [  216.297544] qspi_flash: FF
0xbe9dd278)     [  216.301659] qspi_flash: FF
= -1 ENOENT (No [  216.305776] qspi_flash: FF
such file or dir[  216.309913] qspi_flash: FF
ectory)
openat([  216.314030] qspi_flash: FF
AT_FDCWD, "/lib/[  216.318169] qspi_flash: FF
tls/vfp/libc.so.[  216.322289] qspi_flash: FF
6", O_RDONLY|O_L[  216.326441] qspi_flash: FF
ARGEFILE|O_CLOEX[  216.330545] qspi_flash: FF
EC) = -1 ENOENT [  216.334661] qspi_flash: FF
(No such file or[  216.338801] qspi_flash: FF
 directory)
sta[  216.342920] qspi_flash: FF
t64("/lib/tls/vf[  216.347059] qspi_flash: FF
p", 0xbe9dd278) [  216.351176] qspi_flash: FF
     = -1 ENOENT[  216.355293] qspi_flash: FF
 (No such file o[  216.359431] qspi_flash: FF
r directory)
op[  216.363548] qspi_flash: FF
enat(AT_FDCWD, "[  216.367686] qspi_flash: FF
/lib/tls/libc.so[  216.371804] qspi_flash: FF
.6", O_RDONLY|O_[  216.375921] qspi_flash: FF
LARGEFILE|O_CLOE[  216.380057] qspi_flash: FF
XEC) = -1 ENOENT[  216.384175] qspi_flash: FF
 (No such file o[  216.388312] qspi_flash: FF
r directory)
st[  216.392430] qspi_flash: FF
at64("/lib/tls",[  216.396566] qspi_flash: FF
 0xbe9dd278)    [  216.400684] qspi_flash: FF
      = -1 ENOEN[  216.404801] qspi_flash: FF
T (No such file [  216.408941] qspi_flash: FF
or directory)
o[  216.413058] qspi_flash: FF
penat(AT_FDCWD, [  216.417194] qspi_flash: FF
"/lib/v7l/neon/v[  216.421311] qspi_flash: FF
fp/libc.so.6", O[  216.425430] qspi_flash: FF
_RDONLY|O_LARGEF[  216.429565] qspi_flash: FF
ILE|O_CLOEXEC) =[  216.433682] qspi_flash: FF
 -1 ENOENT (No s[  216.437818] qspi_flash: FF
uch file or dire[  216.441935] qspi_flash: FF
ctory)
stat64("[  216.446054] qspi_flash: FF
/lib/v7l/neon/vf[  216.450190] qspi_flash: FF
p", 0xbe9dd278) [  216.454306] qspi_flash: FF
= -1 ENOENT (No [  216.458443] qspi_flash: FF
such file or dir[  216.462560] qspi_flash: FF
ectory)
openat([  216.466696] qspi_flash: FF
AT_FDCWD, "/lib/[  216.470813] qspi_flash: FF
v7l/neon/libc.so[  216.474931] qspi_flash: FF
.6", O_RDONLY|O_[  216.479068] qspi_flash: FF
LARGEFILE|O_CLOE[  216.483185] qspi_flash: FF
XEC) = -1 ENOENT[  216.487321] qspi_flash: FF
 (No such file o[  216.491439] qspi_flash: FF
r directory)
st[  216.495557] qspi_flash: FF
at64("/lib/v7l/n[  216.499692] qspi_flash: FF
eon", 0xbe9dd278[  216.503809] qspi_flash: FF
)     = -1 ENOEN[  216.507948] qspi_flash: FF
T (No such file [  216.512065] qspi_flash: FF
or directory)
o[  216.516187] qspi_flash: FF
penat(AT_FDCWD, [  216.520321] qspi_flash: FF
"/lib/v7l/vfp/li[  216.524440] qspi_flash: FF
bc.so.6", O_RDON[  216.528579] qspi_flash: FF
LY|O_LARGEFILE|O[  216.532696] qspi_flash: FF
_CLOEXEC) = -1 E[  216.536833] qspi_flash: FF
NOENT (No such f[  216.540950] qspi_flash: FF
ile or directory[  216.545067] qspi_flash: FF
)
stat64("/lib/[  216.549206] qspi_flash: FF
v7l/vfp", 0xbe9d[  216.553323] qspi_flash: FF
d278)      = -1 [  216.557459] qspi_flash: FF
ENOENT (No such [  216.561577] qspi_flash: FF
file or director[  216.565695] qspi_flash: FF
y)
openat(AT_FD[  216.569834] qspi_flash: FF
CWD, "/lib/v7l/l[  216.573952] qspi_flash: FF
ibc.so.6", O_RDO[  216.578087] qspi_flash: FF
NLY|O_LARGEFILE|[  216.582204] qspi_flash: FF
O_CLOEXEC) = -1 [  216.586341] qspi_flash: FF
ENOENT (No such [  216.590458] qspi_flash: FF
file or director[  216.594576] qspi_flash: FF
y)
stat64("/lib[  216.598713] qspi_flash: FF
/v7l", 0xbe9dd27[  216.602830] qspi_flash: FF
8)          = -1[  216.606967] qspi_flash: FF
 ENOENT (No such[  216.611084] qspi_flash: FF
 file or directo[  216.615202] qspi_flash: FF
ry)
openat(AT_F[  216.619338] qspi_flash: FF
DCWD, "/lib/neon[  216.623455] qspi_flash: FF
/vfp/libc.so.6",[  216.627590] qspi_flash: FF
 O_RDONLY|O_LARG[  216.631708] qspi_flash: FF
EFILE|O_CLOEXEC)[  216.635825] qspi_flash: FF
 = -1 ENOENT (No[  216.639963] qspi_flash: FF
 such file or di[  216.644080] qspi_flash: FF
rectory)
stat64[  216.648216] qspi_flash: FF
("/lib/neon/vfp"[  216.652334] qspi_flash: FF
, 0xbe9dd278)   [  216.656470] qspi_flash: FF
  = -1 ENOENT (N[  216.660588] qspi_flash: FF
o such file or d[  216.664706] qspi_flash: FF
irectory)
opena[  216.668845] qspi_flash: FF
t(AT_FDCWD, "/li[  216.672963] qspi_flash: FF
b/neon/libc.so.6[  216.677100] qspi_flash: FF
", O_RDONLY|O_LA[  216.681219] qspi_flash: FF
RGEFILE|O_CLOEXE[  216.685336] qspi_flash: FF
C) = -1 ENOENT ([  216.689473] qspi_flash: FF
No such file or [  216.693590] qspi_flash: FF
directory)
stat[  216.697727] qspi_flash: FF
64("/lib/neon", [  216.701847] qspi_flash: FF
0xbe9dd278)     [  216.705963] qspi_flash: FF
    = -1 ENOENT [  216.710100] qspi_flash: FF
(No such file or[  216.714217] qspi_flash: FF
 directory)
ope[  216.718353] qspi_flash: FF
nat(AT_FDCWD, "/[  216.722470] qspi_flash: FF
lib/vfp/libc.so.[  216.726608] qspi_flash: FF
6", O_RDONLY|O_L[  216.730726] qspi_flash: FF
ARGEFILE|O_CLOEX[  216.734844] qspi_flash: FF
EC) = -1 ENOENT [  216.738984] qspi_flash: FF
(No such file or[  216.743102] qspi_flash: FF
 directory)
sta[  216.747241] qspi_flash: FF
t64("/lib/vfp", [  216.751359] qspi_flash: FF
0xbe9dd278)     [  216.755476] qspi_flash: FF
     = -1 ENOENT[  216.759617] qspi_flash: FF
 (No such file o[  216.763735] qspi_flash: FF
r directory)
op[  216.767870] qspi_flash: FF
enat(AT_FDCWD, "[  216.771987] qspi_flash: FF
/lib/libc.so.6",[  216.776105] qspi_flash: FF
 O_RDONLY|O_LARG[  216.780245] qspi_flash: FF
EFILE|O_CLOEXEC)[  216.784364] qspi_flash: FF
 = 3
read(3, "\[  216.788504] qspi_flash: FF
177ELF\1\1\1\0\0[  216.792619] qspi_flash: FF
\0\0\0\0\0\0\0\3[  216.796756] qspi_flash: FF
\0(\0\1\0\0\0\\x[  216.800873] qspi_flash: FF
\1\0004\0\0\0"..[  216.804992] qspi_flash: FF
., 512) = 512
f[  216.809131] qspi_flash: FF
stat64(3, {st_mo[  216.813251] qspi_flash: FF
de=S_IFREG|0755,[  216.817389] qspi_flash: FF
 st_size=1246708[  216.821506] qspi_flash: FF
, ...}) = 0
mma[  216.825624] qspi_flash: FF
p2(NULL, 8192, P[  216.829763] qspi_flash: FF
ROT_READ|PROT_WR[  216.833879] qspi_flash: FF
ITE, MAP_PRIVATE[  216.838020] qspi_flash: FF
|MAP_ANONYMOUS, [  216.842138] qspi_flash: FF
-1, 0) = 0xb6fbc[  216.846275] qspi_flash: FF
000
mmap2(NULL,[  216.850392] qspi_flash: FF
 1315620, PROT_R[  216.854510] qspi_flash: FF
EAD|PROT_EXEC, M[  216.858648] qspi_flash: FF
AP_PRIVATE|MAP_D[  216.862767] qspi_flash: FF
ENYWRITE, 3, 0) [  216.866906] qspi_flash: FF
= 0xb6e4c000
mp[  216.871022] qspi_flash: FF
rotect(0xb6f7900[  216.875140] qspi_flash: FF
0, 61440, PROT_N[  216.879276] qspi_flash: FF
ONE)  = 0
mmap2[  216.883394] qspi_flash: FF
(0xb6f88000, 122[  216.887536] qspi_flash: FF
88, PROT_READ|PR[  216.891649] qspi_flash: FF
OT_WRITE, MAP_PR[  216.895766] qspi_flash: FF
IVATE|MAP_FIXED|[  216.899903] qspi_flash: FF
MAP_DENYWRITE, 3[  216.904020] qspi_flash: FF
, 0x12c000) = 0x[  216.908156] qspi_flash: FF
b6f88000
mmap2([  216.912274] qspi_flash: FF
0xb6f8b000, 8996[  216.916413] qspi_flash: FF
, PROT_READ|PROT[  216.920531] qspi_flash: FF
_WRITE, MAP_PRIV[  216.924648] qspi_flash: FF
ATE|MAP_FIXED|MA[  216.928786] qspi_flash: FF
P_ANONYMOUS, -1,[  216.932904] qspi_flash: FF
 0) = 0xb6f8b000[  216.937042] qspi_flash: FF

close(3)      [  216.941158] qspi_flash: FF
                [  216.945276] qspi_flash: FF
          = 0
s[  216.949414] qspi_flash: FF
et_tls(0xb6fbcbd[  216.953532] qspi_flash: FF
0)              [  216.957667] qspi_flash: FF
       = 0
mpro[  216.961784] qspi_flash: FF
tect(0xb6f88000,[  216.965957] qspi_flash: FF
 8192, PROT_READ[  216.970050] qspi_flash: FF
)   = 0
mprotec[  216.974162] qspi_flash: FF
t(0x21000, 4096,[  216.978303] qspi_flash: FF
 PROT_READ)     [  216.982418] qspi_flash: FF
 = 0
mprotect(0[  216.986557] qspi_flash: FF
xb6fbe000, 4096,[  216.990674] qspi_flash: FF
 PROT_READ)   = [  216.994791] qspi_flash: FF
0
openat(AT_FDC[  216.998930] qspi_flash: FF
WD, 0x10fb0, O_R[  217.003047] qspi_flash: FF
DWR)       = 3
[  217.007184] qspi_flash: FF
write(3, 0x1105c[  217.011301] qspi_flash: FF
, 2)            [  217.015419] qspi_flash: FF
        = 2
wri[  217.019558] qspi_flash: FF
te(3, "er\0\0\0%[  217.023675] qspi_flash: FF
", 6[  217.027813] qspi_flash: FF
[  217.031932] qspi_flash: FF
[  217.177336] qspi_flash: FF
[  217.180070] qspi_flash: 
[  217.185366] qspi_flash: (AFTER) op=2,addr=0x25000000,dual=0,prog_buffer_cnt=0,op_err=0
)                = 6
read(3, [  217.285454] qspi_flash: KYT beginning of qspi_flash_read
[  217.291537] qspi_flash: qspi_flash_read called. length=1, *ppos=8
"\0", 1)                        = 1
fstat64(1, {st_mode=S_IFCHR|0600, st_rdev=makedev(0xcc, 0x8), ...}) = 0
ioctl(1, TCGETS, {B115200 opost isig icanon echo ...}) = 0
brk(NULL)                               = 0x23000
brk(0x44000)                            = 0x44000
write(1, "Erase Complete. Status = OK\n", 28Erase Complete. Status = OK
) = 28
close(3)                                = 0
exit_group(0)                           = ?
+++ exited with 0 +++
$ 

=============================
$ 
$ strace ./qspi_app r s 25000000 /tmp/r.txt
execve("./qspi_app", ["./qspi_app", "r", "s", "25000000", "/tmp/r.txt"], 0xbe96fe30 /* 11 vars */) = 0
brk(NULL)                               = 0x23000
uname({sysname="Linux", nodename="buildroot", ...}) = 0
access(0xb6f74818, R_OK)                = -1 ENOENT (No such file or directory)
openat(AT_FDCWD, 0xb6f76394, O_RDONLY|O_LARGEFILE|O_CLOEXEC) = -1 ENOENT (No such file or directory)
openat(AT_FDCWD, "/lib/tls/v7l/neon/vfp/libc.so.6", O_RDONLY|O_LARGEFILE|O_CLOEXEC) = -1 ENOENT (No such file or directory)
stat64("/lib/tls/v7l/neon/vfp", 0xbe886268) = -1 ENOENT (No such file or directory)
openat(AT_FDCWD, "/lib/tls/v7l/neon/libc.so.6", O_RDONLY|O_LARGEFILE|O_CLOEXEC) = -1 ENOENT (No such file or directory)
stat64("/lib/tls/v7l/neon", 0xbe886268) = -1 ENOENT (No such file or directory)
openat(AT_FDCWD, "/lib/tls/v7l/vfp/libc.so.6", O_RDONLY|O_LARGEFILE|O_CLOEXEC) = -1 ENOENT (No such file or directory)
stat64("/lib/tls/v7l/vfp", 0xbe886268)  = -1 ENOENT (No such file or directory)
openat(AT_FDCWD, "/lib/tls/v7l/libc.so.6", O_RDONLY|O_LARGEFILE|O_CLOEXEC) = -1 ENOENT (No such file or directory)
stat64("/lib/tls/v7l", 0xbe886268)      = -1 ENOENT (No such file or directory)
openat(AT_FDCWD, "/lib/tls/neon/vfp/libc.so.6", O_RDONLY|O_LARGEFILE|O_CLOEXEC) = -1 ENOENT (No such file or directory)
stat64("/lib/tls/neon/vfp", 0xbe886268) = -1 ENOENT (No such file or directory)
openat(AT_FDCWD, "/lib/tls/neon/libc.so.6", O_RDONLY|O_LARGEFILE|O_CLOEXEC) = -1 ENOENT (No such file or directory)
stat64("/lib/tls/neon", 0xbe886268)     = -1 ENOENT (No such file or directory)
openat(AT_FDCWD, "/lib/tls/vfp/libc.so.6", O_RDONLY|O_LARGEFILE|O_CLOEXEC) = -1 ENOENT (No such file or directory)
stat64("/lib/tls/vfp", 0xbe886268)      = -1 ENOENT (No such file or directory)
openat(AT_FDCWD, "/lib/tls/libc.so.6", O_RDONLY|O_LARGEFILE|O_CLOEXEC) = -1 ENOENT (No such file or directory)
stat64("/lib/tls", 0xbe886268)          = -1 ENOENT (No such file or directory)
openat(AT_FDCWD, "/lib/v7l/neon/vfp/libc.so.6", O_RDONLY|O_LARGEFILE|O_CLOEXEC) = -1 ENOENT (No such file or directory)
stat64("/lib/v7l/neon/vfp", 0xbe886268) = -1 ENOENT (No such file or directory)
openat(AT_FDCWD, "/lib/v7l/neon/libc.so.6", O_RDONLY|O_LARGEFILE|O_CLOEXEC) = -1 ENOENT (No such file or directory)
stat64("/lib/v7l/neon", 0xbe886268)     = -1 ENOENT (No such file or directory)
openat(AT_FDCWD, "/lib/v7l/vfp/libc.so.6", O_RDONLY|O_LARGEFILE|O_CLOEXEC) = -1 ENOENT (No such file or directory)
stat64("/lib/v7l/vfp", 0xbe886268)      = -1 ENOENT (No such file or directory)
openat(AT_FDCWD, "/lib/v7l/libc.so.6", O_RDONLY|O_LARGEFILE|O_CLOEXEC) = -1 ENOENT (No such file or directory)
stat64("/lib/v7l", 0xbe886268)          = -1 ENOENT (No such file or directory)
openat(AT_FDCWD, "/lib/neon/vfp/libc.so.6", O_RDONLY|O_LARGEFILE|O_CLOEXEC) = -1 ENOENT (No such file or directory)
stat64("/lib/neon/vfp", 0xbe886268)     = -1 ENOENT (No such file or directory)
openat(AT_FDCWD, "/lib/neon/libc.so.6", O_RDONLY|O_LARGEFILE|O_CLOEXEC) = -1 ENOENT (No such file or directory)
stat64("/lib/neon", 0xbe886268)         = -1 ENOENT (No such file or directory)
openat(AT_FDCWD, "/lib/vfp/libc.so.6", O_RDONLY|O_LARGEFILE|O_CLOEXEC) = -1 ENOENT (No such file or directory)
stat64("/lib/vfp", 0xbe886268)          = -1 ENOENT (No such file or directory)
openat(AT_FDCWD, "/lib/libc.so.6", O_RDONLY|O_LARGEFILE|O_CLOEXEC) = 3
read(3, "\177ELF\1\1\1\0\0\0\0\0\0\0\0\0\3\0(\0\1\0\0\0\\x\1\0004\0\0\0"..., 512) = 512
fstat64(3, {st_mode=S_IFREG|0755, st_size=1246708, ...}) = 0
mmap2(NULL, 8192, PROT_READ|PROT_WRITE, MAP_PRIVATE|MAP_ANONYMOUS, -1, 0) = 0xb6f85000
mmap2(NULL, 1315620, PROT_READ|PROT_EXEC, MAP_PRIVATE|MAP_DENYWRITE, 3, 0) = 0xb6e15000
mprotect(0xb6f42000, 61440, PROT_NONE)  = 0
mmap2(0xb6f51000, 12288, PROT_READ|PROT_WRITE, MAP_PRIVATE|MAP_FIXED|MAP_DENYWRITE, 3, 0x12c000) = 0xb6f51000
mmap2(0xb6f54000, 8996, PROT_READ|PROT_WRITE, MAP_PRIVATE|MAP_FIXED|MAP_ANONYMOUS, -1, 0) = 0xb6f54000
close(3)                                = 0
set_tls(0xb6f85bd0)                     = 0
mprotect(0xb6f51000, 8192, PROT_READ)   = 0
mprotect(0x21000, 4096, PROT_READ)      = 0
mprotect(0xb6f87000, 4096, PROT_READ)   = 0
openat(AT_FDCWD, 0x10fb0, O_RDWR)       = 3
fstat64(1, {st_mode=S_IFCHR|0600, st_rdev=makedev(0xcc, 0x8), ...}) = 0
ioctl(1, TCGETS, {B115200 opost isig icanon echo ...}) = 0
brk(NULL)                               = 0x23000
brk(0x44000)                            = 0x44000
write(1, "ERROR: Incorrect number of argum"..., 54ERROR: Incorrect number of arguments for that command
) = 54
write(1, "\tRequired: 5\n", 13  Required: 5
)         = 13
write(1, "\tPassed: 4\n", 11    Passed: 4
)           = 11
exit_group(1)                           = ?
+++ exited with 1 +++
$ 
==============================
$ strace ./qspi_app p s 25000000 /tmp/t
execve("./qspi_app", ["./qspi_app", "p", "s", "25000000", "/tmp/t"], 0xbe803e30 /* 11 vars */) = 0
brk(NULL)                               = 0x23000
uname({sysname="Linux", nodename="buildroot", ...}) = 0
access(0xb6f17818, R_OK)                = -1 ENOENT (No such file or directory)
openat(AT_FDCWD, 0xb6f19394, O_RDONLY|O_LARGEFILE|O_CLOEXEC) = -1 ENOENT (No such file or directory)
openat(AT_FDCWD, "/lib/tls/v7l/neon/vfp/libc.so.6", O_RDONLY|O_LARGEFILE|O_CLOEXEC) = -1 ENOENT (No such file or directory)
stat64("/lib/tls/v7l/neon/vfp", 0xbee6f268) = -1 ENOENT (No such file or directory)
openat(AT_FDCWD, "/lib/tls/v7l/neon/libc.so.6", O_RDON[  308.398336] qspi_flash: KYT beginning of qspi_flash_write
LY|O_LARGEFILE|O[  308.404987] qspi_flash: qspi_flash_write called. count=2, *ppos=0
_CLOEXEC) = -1 E[  308.412803] qspi_flash: (BEFORE) op=0,addr=0x25000000,dual=0,prog_buffer_cnt=0,op_err=0
NOENT (No such f[  308.422302] qspi_flash: 
[  308.422302] [RVC_DEBUG] qspi_flash_write 1165 count = 2
ile or directory[  308.431488] qspi_flash: 
[  308.431488] [RVC_DEBUG] qspi_flash_write 1166 --> DATA = 
)
stat64("/lib/[  308.431495] qspi_flash: 64
tls/v7l/neon", 0[  308.440876] qspi_flash: 30
xbee6f268) = -1 [  308.444993] qspi_flash: 
ENOENT (No such [  308.453093] qspi_flash: (AFTER) op=0,addr=0x25000000,dual=0,prog_buffer_cnt=0,op_err=0
file or directory)
openat(AT_FDCWD, "/lib/tls/v7l/vfp/libc.so.6", O_RDONLY|O_LARGEFILE|O_CLOEXEC) = -1 ENOENT (No such file or directory)
stat[  308.474050] qspi_flash: KYT beginning of qspi_flash_write
64("/lib/tls/v7l[  308.480987] qspi_flash: qspi_flash_write called. count=6, *ppos=2
/vfp", 0xbee6f26[  308.488585] qspi_flash: (BEFORE) op=0,addr=0x25000000,dual=0,prog_buffer_cnt=0,op_err=0
8)  = -1 ENOENT [  308.498105] qspi_flash: 
[  308.498105] [RVC_DEBUG] qspi_flash_write 1165 count = 6
(No such file or[  308.507292] qspi_flash: 
[  308.507292] [RVC_DEBUG] qspi_flash_write 1166 --> DATA = 
 directory)
ope[  308.507299] qspi_flash: 70
nat(AT_FDCWD, "/[  308.516674] qspi_flash: 72
lib/tls/v7l/libc[  308.520792] qspi_flash: 00
.so.6", O_RDONLY[  308.524910] qspi_flash: 00
|O_LARGEFILE|O_C[  308.529053] qspi_flash: 00
LOEXEC) = -1 ENO[  308.533169] qspi_flash: 25
ENT (No such fil[  308.537310] qspi_flash: 
[  308.545380] qspi_flash: (AFTER) op=3,addr=0x25000000,dual=0,prog_buffer_cnt=0,op_err=0

stat64("/lib/tls/v7l", 0xbee6f268)      = -1 ENOENT (No such file or directory)
openat(AT_FDCWD, "/lib/tls/neon/vfp/libc.so.6", O_RDONLY|O_LARGEFILE|O_CLOEXEC) = -1 ENOENT (No such file or directory)
stat64("/lib/tls/neon/vfp", 0xbee6f268) = -1 ENOENT ([  308.575629] qspi_flash: KYT beginning of qspi_flash_write
No such file or [  308.583056] qspi_flash: qspi_flash_write called. count=5, *ppos=8
directory)
open[  308.590665] qspi_flash: (BEFORE) op=3,addr=0x25000000,dual=0,prog_buffer_cnt=0,op_err=0
at(AT_FDCWD, "/l[  308.600169] qspi_flash: 
[  308.600169] [RVC_DEBUG] qspi_flash_write 1165 count = 5
ib/tls/neon/libc[  308.609361] qspi_flash: 
[  308.609361] [RVC_DEBUG] qspi_flash_write 1166 --> DATA = 
.so.6", O_RDONLY[  308.609368] qspi_flash: 74
|O_LARGEFILE|O_C[  308.618747] qspi_flash: 65
LOEXEC) = -1 ENO[  308.622867] qspi_flash: 73
ENT (No such fil[  308.627015] qspi_flash: 74
[  308.631131] qspi_flash: 0A

stat64("/lib/tl[  308.635248] qspi_flash: 
s/neon", 0xbee6f[  308.643336] qspi_flash: KYT beginning of qspi_flash_do_program
268)     = -1 EN[  308.650625] qspi_flash: 
[  308.650625] [RVC_DEBUG] qspi_flash_do_program 862 len = 5
OENT (No such fi[  308.660015] qspi_flash: 
[  308.660015] [RVC_DEBUG] qspi_flash_do_program 871 --> DATA = 
le or directory)[  308.660021] qspi_flash: FF

openat(AT_FDCW[  308.669737] qspi_flash: FF
D, "/lib/tls/vfp[  308.673855] qspi_flash: FF
/libc.so.6", O_R[  308.677992] qspi_flash: FF
DONLY|O_LARGEFIL[  308.682111] qspi_flash: FF
E|O_CLOEXEC) = -[  308.686246] qspi_flash: 
1 ENOENT (No suc[  308.694447] qspi_flash: 
[  308.694447] [RVC_DEBUG] qspi_flash_do_program 980 --> DATA = 
h file or direct[  308.694454] qspi_flash: FF
ory)
stat64("/l[  308.704151] qspi_flash: FF
ib/tls/vfp", 0xb[  308.708281] qspi_flash: FF
ee6f268)      = [  308.712400] qspi_flash: FF
-1 ENOENT (No su[  308.716540] qspi_flash: FF
ch file or direc[  308.720657] qspi_flash: 
tory)
openat(AT[  308.728757] KYT in do_program, XIP mode 1, QSPI_CMNSR = 2
_FDCWD, "/lib/tl[  308.735582] qspi_flash: (AFTER) op=3,addr=0x25000000,dual=0,prog_buffer_cnt=5,op_err=0


